<?xml version="1.0" encoding="UTF-8"?>
<!-- Generated by org.testng.reporters.JUnitReportReporter -->
<testsuite hostname="LTIN305602" failures="0" tests="4" name="api.test.UserTests" time="8.573" errors="0" timestamp="2024-08-27T17:49:13 IST" skipped="0">
  <testcase classname="api.test.UserTests" name="testPostUser" time="3.428"/>
  <system-out/>
  <testcase classname="api.test.UserTests" name="testGetUserByName" time="1.287"/>
  <system-out/>
  <testcase classname="api.test.UserTests" name="testUpdateUser" time="2.644"/>
  <system-out/>
  <testcase classname="api.test.UserTests" name="testDeleteUserByName" time="1.214"/>
  <system-out/>
</testsuite> <!-- api.test.UserTests -->
