<?xml version="1.0" encoding="UTF-8"?>
<!-- Generated by org.testng.reporters.JUnitReportReporter -->
<testsuite hostname="LTIN305602" failures="0" tests="6" name="api.test.DDTests" time="9.046" errors="0" timestamp="2024-08-27T15:36:39 IST" skipped="0">
  <testcase classname="api.test.DDTests" name="testPostUser" time="1.200"/>
  <system-out/>
  <testcase classname="api.test.DDTests" name="testPostUser" time="1.182"/>
  <system-out/>
  <testcase classname="api.test.DDTests" name="testPostUser" time="3.048"/>
  <system-out/>
  <testcase classname="api.test.DDTests" name="testDeleteUserByName" time="1.206"/>
  <system-out/>
  <testcase classname="api.test.DDTests" name="testDeleteUserByName" time="1.188"/>
  <system-out/>
  <testcase classname="api.test.DDTests" name="testDeleteUserByName" time="1.222"/>
  <system-out/>
</testsuite> <!-- api.test.DDTests -->
